<?xml version="1.0" encoding="UTF-8"?>
<testng-results skipped="0" failed="2" ignored="0"
	total="2" passed="0">
	<reporter-output>
	</reporter-output>
	<suite name="Default suite" duration-ms="90"
		started-at="2018-12-22T09:31:46Z" finished-at="2018-12-22T09:31:46Z">
		<groups>
		</groups>
		<test name="Default test" duration-ms="90"
			started-at="2018-12-22T09:31:46Z" finished-at="2018-12-22T09:31:46Z">
			<class name="tangible.BinarysearchTest">
				<test-method status="PASS"
					signature="beforeSuite()[pri:0, instance:tangible.BinarysearchTest@28feb3fa]"
					name="beforeSuite" is-config="true" duration-ms="70"
					started-at="2018-12-22T09:31:45Z"
					finished-at="2018-12-22T09:31:46Z">
					<reporter-output>
					</reporter-output>
				</test-method> <!-- beforeSuite -->
				<test-method status="PASS"
					signature="beforeTest()[pri:0, instance:tangible.BinarysearchTest@28feb3fa]"
					name="beforeTest" is-config="true" duration-ms="0"
					started-at="2018-12-22T09:31:46Z"
					finished-at="2018-12-22T09:31:46Z">
					<reporter-output>
					</reporter-output>
				</test-method> <!-- beforeTest -->
				<test-method status="PASS"
					signature="beforeClass()[pri:0, instance:tangible.BinarysearchTest@28feb3fa]"
					name="beforeClass" is-config="true" duration-ms="0"
					started-at="2018-12-22T09:31:46Z"
					finished-at="2018-12-22T09:31:46Z">
					<reporter-output>
					</reporter-output>
				</test-method> <!-- beforeClass -->
				<test-method status="FAIL"
					signature="f(java.lang.Integer, java.lang.String)[pri:0, instance:tangible.BinarysearchTest@28feb3fa]"
					name="f" duration-ms="0" started-at="2018-12-22T09:31:46Z"
					finished-at="2018-12-22T09:31:46Z">
					<exception class="org.testng.TestNGException">
						<message>
              <![CDATA[
Cannot inject @Test annotated Method [f] with [class java.lang.Integer, class java.lang.String].
For more information on native dependency injection please refer to http://testng.org/doc/documentation-main.html#native-dependency-injection]]>
						</message>
						<full-stacktrace>
              <![CDATA[org.testng.TestNGException: 
Cannot inject @Test annotated Method [f] with [class java.lang.Integer, class java.lang.String].
For more information on native dependency injection please refer to http://testng.org/doc/documentation-main.html#native-dependency-injection
at org.testng.internal.Parameters.checkParameterTypes(Parameters.java:407)
at org.testng.internal.Parameters.createParametersForMethod(Parameters.java:356)
at org.testng.internal.Parameters.createParameters(Parameters.java:635)
at org.testng.internal.Parameters.handleParameters(Parameters.java:769)
at org.testng.internal.ParameterHandler.handleParameters(ParameterHandler.java:49)
at org.testng.internal.ParameterHandler.createParameters(ParameterHandler.java:37)
at org.testng.internal.Invoker.invokeTestMethods(Invoker.java:923)
at org.testng.internal.TestMethodWorker.invokeTestMethods(TestMethodWorker.java:125)
at org.testng.internal.TestMethodWorker.run(TestMethodWorker.java:109)
at org.testng.TestRunner.privateRun(TestRunner.java:648)
at org.testng.TestRunner.run(TestRunner.java:505)
at org.testng.SuiteRunner.runTest(SuiteRunner.java:455)
at org.testng.SuiteRunner.runSequentially(SuiteRunner.java:450)
at org.testng.SuiteRunner.privateRun(SuiteRunner.java:415)
at org.testng.SuiteRunner.run(SuiteRunner.java:364)
at org.testng.SuiteRunnerWorker.runSuite(SuiteRunnerWorker.java:52)
at org.testng.SuiteRunnerWorker.run(SuiteRunnerWorker.java:84)
at org.testng.TestNG.runSuitesSequentially(TestNG.java:1208)
at org.testng.TestNG.runSuitesLocally(TestNG.java:1137)
at org.testng.TestNG.runSuites(TestNG.java:1049)
at org.testng.TestNG.run(TestNG.java:1017)
at org.testng.remote.AbstractRemoteTestNG.run(AbstractRemoteTestNG.java:114)
at org.testng.remote.RemoteTestNG.initAndRun(RemoteTestNG.java:251)
at org.testng.remote.RemoteTestNG.main(RemoteTestNG.java:77)
]]>
						</full-stacktrace>
					</exception> <!-- org.testng.TestNGException -->
					<reporter-output>
					</reporter-output>
				</test-method> <!-- f -->
				<test-method status="FAIL"
					signature="main()[pri:0, instance:tangible.BinarysearchTest@28feb3fa]"
					name="main" duration-ms="2" started-at="2018-12-22T09:31:46Z"
					finished-at="2018-12-22T09:31:46Z">
					<exception class="java.lang.RuntimeException">
						<message>
              <![CDATA[Test not implemented]]>
						</message>
						<full-stacktrace>
              <![CDATA[java.lang.RuntimeException: Test not implemented
at tangible.BinarysearchTest.main(BinarysearchTest.java:63)
at sun.reflect.NativeMethodAccessorImpl.invoke0(Native Method)
at sun.reflect.NativeMethodAccessorImpl.invoke(Unknown Source)
at sun.reflect.DelegatingMethodAccessorImpl.invoke(Unknown Source)
at java.lang.reflect.Method.invoke(Unknown Source)
at org.testng.internal.MethodInvocationHelper.invokeMethod(MethodInvocationHelper.java:124)
at org.testng.internal.Invoker.invokeMethod(Invoker.java:580)
at org.testng.internal.Invoker.invokeTestMethod(Invoker.java:716)
at org.testng.internal.Invoker.invokeTestMethods(Invoker.java:988)
at org.testng.internal.TestMethodWorker.invokeTestMethods(TestMethodWorker.java:125)
at org.testng.internal.TestMethodWorker.run(TestMethodWorker.java:109)
at org.testng.TestRunner.privateRun(TestRunner.java:648)
at org.testng.TestRunner.run(TestRunner.java:505)
at org.testng.SuiteRunner.runTest(SuiteRunner.java:455)
at org.testng.SuiteRunner.runSequentially(SuiteRunner.java:450)
at org.testng.SuiteRunner.privateRun(SuiteRunner.java:415)
at org.testng.SuiteRunner.run(SuiteRunner.java:364)
at org.testng.SuiteRunnerWorker.runSuite(SuiteRunnerWorker.java:52)
at org.testng.SuiteRunnerWorker.run(SuiteRunnerWorker.java:84)
at org.testng.TestNG.runSuitesSequentially(TestNG.java:1208)
at org.testng.TestNG.runSuitesLocally(TestNG.java:1137)
at org.testng.TestNG.runSuites(TestNG.java:1049)
at org.testng.TestNG.run(TestNG.java:1017)
at org.testng.remote.AbstractRemoteTestNG.run(AbstractRemoteTestNG.java:114)
at org.testng.remote.RemoteTestNG.initAndRun(RemoteTestNG.java:251)
at org.testng.remote.RemoteTestNG.main(RemoteTestNG.java:77)
]]>
						</full-stacktrace>
					</exception> <!-- java.lang.RuntimeException -->
					<reporter-output>
					</reporter-output>
				</test-method> <!-- main -->
				<test-method status="PASS"
					signature="beforeMethod()[pri:0, instance:tangible.BinarysearchTest@28feb3fa]"
					name="beforeMethod" is-config="true" duration-ms="0"
					started-at="2018-12-22T09:31:46Z"
					finished-at="2018-12-22T09:31:46Z">
					<reporter-output>
					</reporter-output>
				</test-method> <!-- beforeMethod -->
				<test-method status="PASS"
					signature="afterMethod()[pri:0, instance:tangible.BinarysearchTest@28feb3fa]"
					name="afterMethod" is-config="true" duration-ms="1"
					started-at="2018-12-22T09:31:46Z"
					finished-at="2018-12-22T09:31:46Z">
					<reporter-output>
					</reporter-output>
				</test-method> <!-- afterMethod -->
				<test-method status="PASS"
					signature="afterClass()[pri:0, instance:tangible.BinarysearchTest@28feb3fa]"
					name="afterClass" is-config="true" duration-ms="0"
					started-at="2018-12-22T09:31:46Z"
					finished-at="2018-12-22T09:31:46Z">
					<reporter-output>
					</reporter-output>
				</test-method> <!-- afterClass -->
				<test-method status="PASS"
					signature="afterTest()[pri:0, instance:tangible.BinarysearchTest@28feb3fa]"
					name="afterTest" is-config="true" duration-ms="1"
					started-at="2018-12-22T09:31:46Z"
					finished-at="2018-12-22T09:31:46Z">
					<reporter-output>
					</reporter-output>
				</test-method> <!-- afterTest -->
				<test-method status="PASS"
					signature="afterSuite()[pri:0, instance:tangible.BinarysearchTest@28feb3fa]"
					name="afterSuite" is-config="true" duration-ms="0"
					started-at="2018-12-22T09:31:48Z"
					finished-at="2018-12-22T09:31:48Z">
					<reporter-output>
					</reporter-output>
				</test-method> <!-- afterSuite -->
			</class> <!-- tangible.BinarysearchTest -->
		</test> <!-- Default test -->
	</suite> <!-- Default suite -->
</testng-results>
